0 info it worked if it ends with ok
1 verbose cli [ 'C:\\Program Files\\nodejs\\node.exe',
1 verbose cli   'C:\\Program Files\\nodejs\\node_modules\\npm\\bin\\npm-cli.js',
1 verbose cli   'install',
1 verbose cli   '-g',
1 verbose cli   'bower' ]
2 info using npm@3.10.10
3 info using node@v6.10.2
4 silly loadCurrentTree Starting
5 silly install loadCurrentTree
6 silly install readGlobalPackageData
7 silly fetchPackageMetaData bower
8 silly fetchOtherPackageData bower
9 silly cache add args [ 'bower', null ]
10 verbose cache add spec bower
11 silly cache add parsed spec Result {
11 silly cache add   raw: 'bower',
11 silly cache add   scope: null,
11 silly cache add   escapedName: 'bower',
11 silly cache add   name: null,
11 silly cache add   rawSpec: 'bower',
11 silly cache add   spec: 'C:\\Users\\Panda\\Desktop\\Yummy-Jekyll\\bower',
11 silly cache add   type: 'local' }
12 silly addLocalTarball shasum (computed) 18602766cf0f251d90b435bd80d563a8e2f26556
13 verbose addTmpTarball C:\Users\Panda\Desktop\Yummy-Jekyll\bower not in flight; adding
14 verbose correctMkdir C:\Users\Panda\AppData\Roaming\npm-cache correctMkdir not in flight; initializing
15 verbose addTmpTarball validating metadata from C:\Users\Panda\Desktop\Yummy-Jekyll\bower
16 verbose tar unpack C:\Users\Panda\Desktop\Yummy-Jekyll\bower
17 verbose tar unpacking to C:\Users\Panda\AppData\Local\Temp\npm-6788-80c4314b\unpack-926090b3
18 silly gentlyRm C:\Users\Panda\AppData\Local\Temp\npm-6788-80c4314b\unpack-926090b3 is being purged
19 verbose gentlyRm don't care about contents; nuking C:\Users\Panda\AppData\Local\Temp\npm-6788-80c4314b\unpack-926090b3
20 silly gunzTarPerm modes [ '777', '666' ]
21 error not a package C:\Users\Panda\Desktop\Yummy-Jekyll\bower
22 error addLocal Could not install C:\Users\Panda\Desktop\Yummy-Jekyll\bower
23 silly fetchPackageMetaData Error: ENOENT: no such file or directory, open 'C:\Users\Panda\AppData\Local\Temp\npm-6788-80c4314b\unpack-926090b3\package.json'
23 silly fetchPackageMetaData     at Error (native)
23 silly fetchPackageMetaData  error for bower { Error: ENOENT: no such file or directory, open 'C:\Users\Panda\AppData\Local\Temp\npm-6788-80c4314b\unpack-926090b3\package.json'
23 silly fetchPackageMetaData     at Error (native)
23 silly fetchPackageMetaData   errno: -4058,
23 silly fetchPackageMetaData   code: 'ENOENT',
23 silly fetchPackageMetaData   syscall: 'open',
23 silly fetchPackageMetaData   path: 'C:\\Users\\Panda\\AppData\\Local\\Temp\\npm-6788-80c4314b\\unpack-926090b3\\package.json' }
24 silly rollbackFailedOptional Starting
25 silly rollbackFailedOptional Finishing
26 silly runTopLevelLifecycles Finishing
27 silly install printInstalled
28 verbose stack Error: ENOENT: no such file or directory, open 'C:\Users\Panda\AppData\Local\Temp\npm-6788-80c4314b\unpack-926090b3\package.json'
28 verbose stack     at Error (native)
29 verbose cwd C:\Users\Panda\Desktop\Yummy-Jekyll
30 error Windows_NT 10.0.15063
31 error argv "C:\\Program Files\\nodejs\\node.exe" "C:\\Program Files\\nodejs\\node_modules\\npm\\bin\\npm-cli.js" "install" "-g" "bower"
32 error node v6.10.2
33 error npm  v3.10.10
34 error path C:\Users\Panda\AppData\Local\Temp\npm-6788-80c4314b\unpack-926090b3\package.json
35 error code ENOENT
36 error errno -4058
37 error syscall open
38 error enoent ENOENT: no such file or directory, open 'C:\Users\Panda\AppData\Local\Temp\npm-6788-80c4314b\unpack-926090b3\package.json'
39 error enoent ENOENT: no such file or directory, open 'C:\Users\Panda\AppData\Local\Temp\npm-6788-80c4314b\unpack-926090b3\package.json'
39 error enoent This is most likely not a problem with npm itself
39 error enoent and is related to npm not being able to find a file.
40 verbose exit [ -4058, true ]
